<?xml version="1.0" encoding="UTF-8"?>
<!-- Generated by org.testng.reporters.JUnitReportReporter -->
<testsuite hostname="DESKTOP-TJM23M0" failures="0" tests="1" name="osnTest" time="0.000" errors="0" timestamp="2021-11-06T14:50:34 EET" skipped="1">
  <testcase classname="osnTest" name="osnTest1" time="0.000">
    <skipped/>
  </testcase> <!-- osnTest1 -->
  <system-out/>
</testsuite> <!-- osnTest -->
