<?xml version="1.0" encoding="UTF-8"?>
<!-- Generated by org.testng.reporters.JUnitReportReporter -->
<testsuite hostname="DESKTOP-TJM23M0" failures="0" tests="2" name="OsnAndBookingTest" time="13.120" errors="0" timestamp="2021-11-06T15:12:26 EET" skipped="0">
  <testcase classname="OsnAndBookingTest" name="osnTest" time="6.804"/>
  <system-out/>
  <testcase classname="OsnAndBookingTest" name="bookingTest" time="6.316"/>
  <system-out/>
</testsuite> <!-- OsnAndBookingTest -->
