<?xml version="1.0" encoding="UTF-8"?>
<!-- Generated by org.testng.reporters.JUnitReportReporter -->
<testsuite hostname="DESKTOP-TJM23M0" failures="0" tests="2" name="OsnAndBookingTest" time="13.008" errors="0" timestamp="2021-11-07T11:05:10 EET" skipped="0">
  <testcase classname="OsnAndBookingTest" name="osnTest" time="6.381"/>
  <system-out/>
  <testcase classname="OsnAndBookingTest" name="bookingTest" time="6.627"/>
  <system-out/>
</testsuite> <!-- OsnAndBookingTest -->
