<?xml version="1.0" encoding="UTF-8"?>
<!-- Generated by org.testng.reporters.JUnitReportReporter -->
<testsuite hostname="DESKTOP-TJM23M0" failures="0" tests="2" name="OsnAndBookingTest" time="12.231" errors="0" timestamp="2021-11-06T16:34:33 EET" skipped="0">
  <testcase classname="OsnAndBookingTest" name="osnTest" time="6.622"/>
  <system-out/>
  <testcase classname="OsnAndBookingTest" name="bookingTest" time="5.609"/>
  <system-out/>
</testsuite> <!-- OsnAndBookingTest -->
