<?xml version="1.0" encoding="UTF-8"?>
<!-- Generated by org.testng.reporters.JUnitReportReporter -->
<testsuite hostname="DESKTOP-TJM23M0" failures="0" tests="2" name="OsnAndBookingTest" time="20.242" errors="0" timestamp="2021-11-21T09:31:55 EET" skipped="0">
  <testcase classname="OsnAndBookingTest" name="bookingTest" time="14.361"/>
  <system-out/>
  <testcase classname="OsnAndBookingTest" name="signIn" time="5.881"/>
  <system-out/>
</testsuite> <!-- OsnAndBookingTest -->
