<?xml version="1.0" encoding="UTF-8"?>
<!-- Generated by org.testng.reporters.JUnitReportReporter -->
<testsuite hostname="DESKTOP-TJM23M0" failures="0" tests="2" name="RunCucumberTest" time="30.386" errors="0" timestamp="2021-11-21T10:13:05 EET" skipped="0">
  <testcase classname="RunCucumberTest" name="runScenario" time="13.252"/>
  <system-out/>
  <testcase classname="RunCucumberTest" name="runScenario" time="17.134"/>
  <system-out/>
</testsuite> <!-- RunCucumberTest -->
