<?xml version="1.0" encoding="UTF-8"?>
<!-- Generated by org.testng.reporters.JUnitReportReporter -->
<testsuite hostname="DESKTOP-TJM23M0" failures="0" tests="2" name="OsnAndBookingTest" time="14.405" errors="0" timestamp="2021-11-07T09:58:44 EET" skipped="0">
  <testcase classname="OsnAndBookingTest" name="osnTest" time="7.388"/>
  <system-out/>
  <testcase classname="OsnAndBookingTest" name="bookingTest" time="7.017"/>
  <system-out/>
</testsuite> <!-- OsnAndBookingTest -->
