<?xml version="1.0" encoding="UTF-8"?>
<!-- Generated by org.testng.reporters.JUnitReportReporter -->
<testsuite hostname="DESKTOP-TJM23M0" failures="0" tests="2" name="OsnAndBookingTest" time="20.377" errors="0" timestamp="2021-11-13T16:37:33 EET" skipped="0">
  <testcase classname="OsnAndBookingTest" name="signIn" time="5.831"/>
  <system-out/>
  <testcase classname="OsnAndBookingTest" name="bookingTest" time="14.546"/>
  <system-out/>
</testsuite> <!-- OsnAndBookingTest -->
